2026-01-23T13:45:06+00:00	ok	262.62			
2026-01-23T13:45:11+00:00	ok	418.47			
2026-01-23T13:45:16+00:00	ok	452.24			
2026-01-23T13:45:21+00:00	ok	445.43			
2026-01-23T13:45:26+00:00	ok	356.93			
2026-01-23T13:45:31+00:00	ok	429.7			
2026-01-23T13:45:37+00:00	ok	433.74			
2026-01-23T13:45:42+00:00	ok	462.37			
2026-01-23T13:45:47+00:00	ok	436.86			
2026-01-23T13:45:52+00:00	ok	381.13			
2026-01-23T13:45:57+00:00	ok	332.86			
2026-01-23T13:46:02+00:00	ok	252.41			
2026-01-23T13:46:07+00:00	ok	405.39			
2026-01-23T13:46:12+00:00	ok	322.82			
2026-01-23T13:46:17+00:00	ok	310.21			
2026-01-23T13:46:22+00:00	ok	288.86			
2026-01-23T13:46:27+00:00	ok	448.82			
2026-01-23T13:46:32+00:00	ok	352.39			
2026-01-23T13:46:37+00:00	ok	368			
2026-01-23T13:46:43+00:00	ok	324.93			
2026-01-23T13:46:48+00:00	ok	271.99			
2026-01-23T13:46:53+00:00	ok	283.71			
2026-01-23T13:46:58+00:00	ok	357.8			
2026-01-23T13:47:03+00:00	ok	348.81			
2026-01-23T13:47:08+00:00	ok	349.54			
2026-01-23T13:47:14+00:00	ok	362.91			
2026-01-23T13:47:18+00:00	ok	259.7			
2026-01-23T13:47:24+00:00	ok	366.96			
2026-01-23T13:47:28+00:00	ok	327.35			
2026-01-23T13:47:33+00:00	ok	262.32			
2026-01-28T16:47:30+00:00	skipped	0			locked
2026-01-28T16:47:25+00:00	error	5733.7			DbStatement::prepareStatement(): Return value must be of type Swoole\Coroutine\MySQL\Statement, false returned
2026-01-28T16:47:40+00:00	skipped	0			locked
2026-01-28T16:47:35+00:00	error	5658.79			DbStatement::prepareStatement(): Return value must be of type Swoole\Coroutine\MySQL\Statement, false returned
2026-01-28T16:47:50+00:00	skipped	0			locked
2026-01-28T16:47:45+00:00	error	5554.88			DbStatement::prepareStatement(): Return value must be of type Swoole\Coroutine\MySQL\Statement, false returned
2026-01-28T16:48:00+00:00	skipped	0			locked
2026-01-28T16:47:55+00:00	error	5559.82			DbStatement::prepareStatement(): Return value must be of type Swoole\Coroutine\MySQL\Statement, false returned
2026-01-28T16:48:10+00:00	skipped	0			locked
2026-01-28T16:48:05+00:00	error	5553.12			DbStatement::prepareStatement(): Return value must be of type Swoole\Coroutine\MySQL\Statement, false returned
2026-01-28T16:48:20+00:00	skipped	0			locked
2026-01-28T16:48:15+00:00	error	5758.97			DbStatement::prepareStatement(): Return value must be of type Swoole\Coroutine\MySQL\Statement, false returned
2026-01-28T16:48:30+00:00	skipped	0			locked
2026-01-28T16:48:25+00:00	error	5628.13			DbStatement::prepareStatement(): Return value must be of type Swoole\Coroutine\MySQL\Statement, false returned
2026-01-28T16:48:40+00:00	skipped	0			locked
2026-01-28T16:48:35+00:00	error	5748.72			DbStatement::prepareStatement(): Return value must be of type Swoole\Coroutine\MySQL\Statement, false returned
2026-01-28T16:48:50+00:00	skipped	0			locked
2026-01-28T16:48:45+00:00	error	5758.93			DbStatement::prepareStatement(): Return value must be of type Swoole\Coroutine\MySQL\Statement, false returned
2026-01-28T16:49:00+00:00	skipped	0			locked
2026-01-28T16:48:55+00:00	error	5554.4			DbStatement::prepareStatement(): Return value must be of type Swoole\Coroutine\MySQL\Statement, false returned
2026-01-28T16:49:10+00:00	skipped	0			locked
2026-01-28T16:49:05+00:00	error	5680.21			DbStatement::prepareStatement(): Return value must be of type Swoole\Coroutine\MySQL\Statement, false returned
2026-01-28T16:49:20+00:00	skipped	0			locked
2026-01-28T16:49:15+00:00	error	6594.34			DbStatement::prepareStatement(): Return value must be of type Swoole\Coroutine\MySQL\Statement, false returned
2026-01-28T16:49:30+00:00	skipped	0			locked
2026-01-28T16:49:25+00:00	error	6102.87			DbStatement::prepareStatement(): Return value must be of type Swoole\Coroutine\MySQL\Statement, false returned
2026-01-28T16:49:40+00:00	skipped	0			locked
2026-01-28T16:49:35+00:00	error	5501.34			DbStatement::prepareStatement(): Return value must be of type Swoole\Coroutine\MySQL\Statement, false returned
2026-01-28T16:49:50+00:00	skipped	0			locked
2026-01-28T16:49:45+00:00	error	5505.67			DbStatement::prepareStatement(): Return value must be of type Swoole\Coroutine\MySQL\Statement, false returned
2026-01-28T16:50:00+00:00	skipped	0			locked
2026-01-28T16:49:55+00:00	error	5466.03			DbStatement::prepareStatement(): Return value must be of type Swoole\Coroutine\MySQL\Statement, false returned
2026-01-28T16:50:10+00:00	skipped	0			locked
2026-01-28T16:50:05+00:00	error	5771.88			DbStatement::prepareStatement(): Return value must be of type Swoole\Coroutine\MySQL\Statement, false returned
2026-01-28T16:50:20+00:00	skipped	0			locked
2026-01-28T16:50:15+00:00	error	5637.91			DbStatement::prepareStatement(): Return value must be of type Swoole\Coroutine\MySQL\Statement, false returned
2026-01-28T16:50:30+00:00	skipped	0			locked
2026-01-28T16:50:25+00:00	error	6048.37			DbStatement::prepareStatement(): Return value must be of type Swoole\Coroutine\MySQL\Statement, false returned
2026-01-28T16:50:40+00:00	skipped	0			locked
2026-01-28T16:50:35+00:00	error	5607.92			DbStatement::prepareStatement(): Return value must be of type Swoole\Coroutine\MySQL\Statement, false returned
2026-01-28T16:50:50+00:00	skipped	0			locked
2026-01-28T16:50:45+00:00	error	5844.57			DbStatement::prepareStatement(): Return value must be of type Swoole\Coroutine\MySQL\Statement, false returned
2026-01-28T16:51:00+00:00	skipped	0			locked
2026-01-28T16:50:55+00:00	error	6116.16			DbStatement::prepareStatement(): Return value must be of type Swoole\Coroutine\MySQL\Statement, false returned
2026-01-28T16:51:10+00:00	skipped	0			locked
2026-01-28T16:51:05+00:00	error	5506.65			DbStatement::prepareStatement(): Return value must be of type Swoole\Coroutine\MySQL\Statement, false returned
2026-01-28T16:51:20+00:00	skipped	0			locked
2026-01-28T16:51:15+00:00	error	6010.43			DbStatement::prepareStatement(): Return value must be of type Swoole\Coroutine\MySQL\Statement, false returned
2026-01-28T16:51:30+00:00	skipped	0			locked
2026-01-28T16:51:25+00:00	error	6106.27			DbStatement::prepareStatement(): Return value must be of type Swoole\Coroutine\MySQL\Statement, false returned
2026-01-28T16:51:40+00:00	skipped	0			locked
2026-01-28T16:51:35+00:00	error	5582.98			DbStatement::prepareStatement(): Return value must be of type Swoole\Coroutine\MySQL\Statement, false returned
2026-01-28T16:51:50+00:00	skipped	0			locked
2026-01-28T16:51:45+00:00	error	5948.69			DbStatement::prepareStatement(): Return value must be of type Swoole\Coroutine\MySQL\Statement, false returned
2026-01-28T16:52:00+00:00	skipped	0			locked
2026-01-28T16:51:55+00:00	error	5614.17			DbStatement::prepareStatement(): Return value must be of type Swoole\Coroutine\MySQL\Statement, false returned
2026-01-28T16:52:10+00:00	skipped	0			locked
2026-01-28T16:52:05+00:00	error	5561.18			DbStatement::prepareStatement(): Return value must be of type Swoole\Coroutine\MySQL\Statement, false returned
2026-01-28T16:52:20+00:00	skipped	0			locked
2026-01-28T16:52:15+00:00	error	5832.32			DbStatement::prepareStatement(): Return value must be of type Swoole\Coroutine\MySQL\Statement, false returned
2026-01-28T16:52:30+00:00	skipped	0			locked
2026-01-28T16:52:25+00:00	error	5572.57			DbStatement::prepareStatement(): Return value must be of type Swoole\Coroutine\MySQL\Statement, false returned
2026-01-28T16:52:40+00:00	skipped	0			locked
2026-01-28T16:52:35+00:00	error	5607.5			DbStatement::prepareStatement(): Return value must be of type Swoole\Coroutine\MySQL\Statement, false returned
2026-01-28T16:52:50+00:00	skipped	0			locked
2026-01-28T16:52:45+00:00	error	5731.1			DbStatement::prepareStatement(): Return value must be of type Swoole\Coroutine\MySQL\Statement, false returned
2026-01-28T16:53:00+00:00	skipped	0			locked
2026-01-28T16:52:55+00:00	error	5731.08			DbStatement::prepareStatement(): Return value must be of type Swoole\Coroutine\MySQL\Statement, false returned
2026-01-28T16:53:10+00:00	skipped	0			locked
2026-01-28T16:53:05+00:00	error	5655.68			DbStatement::prepareStatement(): Return value must be of type Swoole\Coroutine\MySQL\Statement, false returned
2026-01-28T16:53:20+00:00	skipped	0			locked
2026-01-28T16:53:15+00:00	error	5580.43			DbStatement::prepareStatement(): Return value must be of type Swoole\Coroutine\MySQL\Statement, false returned
2026-01-28T16:53:30+00:00	skipped	0			locked
2026-01-28T16:53:25+00:00	error	5551.76			DbStatement::prepareStatement(): Return value must be of type Swoole\Coroutine\MySQL\Statement, false returned
2026-01-28T16:53:40+00:00	skipped	0			locked
2026-01-28T16:53:35+00:00	error	5654.56			DbStatement::prepareStatement(): Return value must be of type Swoole\Coroutine\MySQL\Statement, false returned
2026-01-28T16:53:50+00:00	skipped	0			locked
2026-01-28T16:53:45+00:00	error	5559.18			DbStatement::prepareStatement(): Return value must be of type Swoole\Coroutine\MySQL\Statement, false returned
2026-01-28T16:54:00+00:00	skipped	0			locked
2026-01-28T16:53:55+00:00	error	5758.03			DbStatement::prepareStatement(): Return value must be of type Swoole\Coroutine\MySQL\Statement, false returned
2026-01-28T16:54:10+00:00	skipped	0			locked
2026-01-28T16:54:05+00:00	error	5629.83			DbStatement::prepareStatement(): Return value must be of type Swoole\Coroutine\MySQL\Statement, false returned
2026-01-28T16:54:20+00:00	skipped	0			locked
2026-01-28T16:54:15+00:00	error	5750			DbStatement::prepareStatement(): Return value must be of type Swoole\Coroutine\MySQL\Statement, false returned
2026-01-28T16:54:30+00:00	skipped	0			locked
2026-01-28T16:54:25+00:00	error	5743.95			DbStatement::prepareStatement(): Return value must be of type Swoole\Coroutine\MySQL\Statement, false returned
2026-01-28T16:54:40+00:00	skipped	0			locked
2026-01-28T16:54:35+00:00	error	5550.22			DbStatement::prepareStatement(): Return value must be of type Swoole\Coroutine\MySQL\Statement, false returned
2026-01-28T16:54:50+00:00	skipped	0			locked
2026-01-28T16:54:45+00:00	error	5659.2			DbStatement::prepareStatement(): Return value must be of type Swoole\Coroutine\MySQL\Statement, false returned
2026-01-28T16:55:00+00:00	skipped	0			locked
2026-01-28T16:54:55+00:00	error	5621.36			DbStatement::prepareStatement(): Return value must be of type Swoole\Coroutine\MySQL\Statement, false returned
2026-01-28T16:55:10+00:00	skipped	0			locked
2026-01-28T16:55:05+00:00	error	5936.2			DbStatement::prepareStatement(): Return value must be of type Swoole\Coroutine\MySQL\Statement, false returned
2026-01-28T16:55:20+00:00	skipped	0			locked
2026-01-28T16:55:15+00:00	error	5504.48			DbStatement::prepareStatement(): Return value must be of type Swoole\Coroutine\MySQL\Statement, false returned
2026-01-28T16:55:30+00:00	skipped	0			locked
2026-01-28T16:55:25+00:00	error	5517.05			DbStatement::prepareStatement(): Return value must be of type Swoole\Coroutine\MySQL\Statement, false returned
2026-01-28T16:55:40+00:00	skipped	0			locked
2026-01-28T16:55:35+00:00	error	5475.87			DbStatement::prepareStatement(): Return value must be of type Swoole\Coroutine\MySQL\Statement, false returned
2026-01-28T16:55:50+00:00	skipped	0			locked
2026-01-28T16:55:45+00:00	error	5576.77			DbStatement::prepareStatement(): Return value must be of type Swoole\Coroutine\MySQL\Statement, false returned
2026-01-28T16:56:00+00:00	skipped	0			locked
2026-01-28T16:55:55+00:00	error	5608.91			DbStatement::prepareStatement(): Return value must be of type Swoole\Coroutine\MySQL\Statement, false returned
2026-01-28T16:56:10+00:00	skipped	0			locked
2026-01-28T16:56:05+00:00	error	5557.36			DbStatement::prepareStatement(): Return value must be of type Swoole\Coroutine\MySQL\Statement, false returned
2026-01-28T16:56:20+00:00	skipped	0			locked
2026-01-28T16:56:15+00:00	error	5594.1			DbStatement::prepareStatement(): Return value must be of type Swoole\Coroutine\MySQL\Statement, false returned
2026-01-28T16:56:30+00:00	skipped	0			locked
2026-01-28T16:56:25+00:00	error	5593.36			DbStatement::prepareStatement(): Return value must be of type Swoole\Coroutine\MySQL\Statement, false returned
2026-01-28T16:56:40+00:00	skipped	0			locked
2026-01-28T16:56:35+00:00	error	5727.34			DbStatement::prepareStatement(): Return value must be of type Swoole\Coroutine\MySQL\Statement, false returned
2026-01-28T16:56:50+00:00	skipped	0			locked
2026-01-28T16:56:45+00:00	error	5486.13			DbStatement::prepareStatement(): Return value must be of type Swoole\Coroutine\MySQL\Statement, false returned
2026-01-28T16:57:00+00:00	skipped	0			locked
2026-01-28T16:56:55+00:00	error	5824.39			DbStatement::prepareStatement(): Return value must be of type Swoole\Coroutine\MySQL\Statement, false returned
2026-01-28T16:57:10+00:00	skipped	0			locked
2026-01-28T16:57:05+00:00	error	5773.6			DbStatement::prepareStatement(): Return value must be of type Swoole\Coroutine\MySQL\Statement, false returned
2026-01-28T16:57:20+00:00	skipped	0			locked
2026-01-28T16:57:15+00:00	error	5560.82			DbStatement::prepareStatement(): Return value must be of type Swoole\Coroutine\MySQL\Statement, false returned
2026-01-28T16:57:30+00:00	skipped	0			locked
2026-01-28T16:57:25+00:00	error	5844.72			DbStatement::prepareStatement(): Return value must be of type Swoole\Coroutine\MySQL\Statement, false returned
2026-01-28T16:57:40+00:00	skipped	0			locked
2026-01-28T16:57:35+00:00	error	5589.01			DbStatement::prepareStatement(): Return value must be of type Swoole\Coroutine\MySQL\Statement, false returned
2026-01-28T16:57:50+00:00	skipped	0			locked
2026-01-28T16:57:45+00:00	error	5562.93			DbStatement::prepareStatement(): Return value must be of type Swoole\Coroutine\MySQL\Statement, false returned
2026-01-28T16:58:00+00:00	skipped	0			locked
2026-01-28T16:57:55+00:00	error	5589.96			DbStatement::prepareStatement(): Return value must be of type Swoole\Coroutine\MySQL\Statement, false returned
2026-01-28T16:58:10+00:00	skipped	0			locked
2026-01-28T16:58:05+00:00	error	5975.95			DbStatement::prepareStatement(): Return value must be of type Swoole\Coroutine\MySQL\Statement, false returned
2026-01-28T16:58:20+00:00	skipped	0			locked
2026-01-28T16:58:15+00:00	error	5742.4			DbStatement::prepareStatement(): Return value must be of type Swoole\Coroutine\MySQL\Statement, false returned
2026-01-28T16:58:30+00:00	skipped	0			locked
2026-01-28T16:58:25+00:00	error	5575.08			DbStatement::prepareStatement(): Return value must be of type Swoole\Coroutine\MySQL\Statement, false returned
2026-01-28T16:58:40+00:00	skipped	0			locked
2026-01-28T16:58:35+00:00	error	5620.19			DbStatement::prepareStatement(): Return value must be of type Swoole\Coroutine\MySQL\Statement, false returned
2026-01-28T16:58:50+00:00	skipped	0			locked
2026-01-28T16:58:45+00:00	error	5795.65			DbStatement::prepareStatement(): Return value must be of type Swoole\Coroutine\MySQL\Statement, false returned
2026-01-28T16:59:00+00:00	skipped	0			locked
2026-01-28T16:58:55+00:00	error	5782.71			DbStatement::prepareStatement(): Return value must be of type Swoole\Coroutine\MySQL\Statement, false returned
2026-01-28T16:59:10+00:00	skipped	0			locked
2026-01-28T16:59:05+00:00	error	5765.67			DbStatement::prepareStatement(): Return value must be of type Swoole\Coroutine\MySQL\Statement, false returned
2026-01-28T16:59:20+00:00	skipped	0			locked
2026-01-28T16:59:15+00:00	error	5790.72			DbStatement::prepareStatement(): Return value must be of type Swoole\Coroutine\MySQL\Statement, false returned
2026-01-28T16:59:30+00:00	skipped	0			locked
2026-01-28T16:59:25+00:00	error	5966.36			DbStatement::prepareStatement(): Return value must be of type Swoole\Coroutine\MySQL\Statement, false returned
2026-01-28T16:59:40+00:00	skipped	0			locked
2026-01-28T16:59:35+00:00	error	5631.81			DbStatement::prepareStatement(): Return value must be of type Swoole\Coroutine\MySQL\Statement, false returned
2026-01-28T16:59:50+00:00	skipped	0			locked
2026-01-28T16:59:45+00:00	error	5760.9			DbStatement::prepareStatement(): Return value must be of type Swoole\Coroutine\MySQL\Statement, false returned
2026-01-28T17:00:00+00:00	skipped	0			locked
2026-01-28T16:59:55+00:00	error	5981.68			DbStatement::prepareStatement(): Return value must be of type Swoole\Coroutine\MySQL\Statement, false returned
2026-01-28T17:00:10+00:00	skipped	0			locked
2026-01-28T17:00:05+00:00	error	6132.55			DbStatement::prepareStatement(): Return value must be of type Swoole\Coroutine\MySQL\Statement, false returned
2026-01-28T17:00:20+00:00	skipped	0			locked
2026-01-28T17:00:15+00:00	error	5902.93			DbStatement::prepareStatement(): Return value must be of type Swoole\Coroutine\MySQL\Statement, false returned
2026-01-28T17:00:30+00:00	skipped	0			locked
2026-01-28T17:00:25+00:00	error	5732.32			DbStatement::prepareStatement(): Return value must be of type Swoole\Coroutine\MySQL\Statement, false returned
2026-01-28T17:00:40+00:00	skipped	0			locked
2026-01-28T17:00:35+00:00	error	6054.21			DbStatement::prepareStatement(): Return value must be of type Swoole\Coroutine\MySQL\Statement, false returned
2026-01-28T17:00:50+00:00	skipped	0			locked
2026-01-28T17:00:45+00:00	error	5536.5			DbStatement::prepareStatement(): Return value must be of type Swoole\Coroutine\MySQL\Statement, false returned
2026-01-28T17:01:00+00:00	skipped	0			locked
2026-01-28T17:00:55+00:00	error	5516.62			DbStatement::prepareStatement(): Return value must be of type Swoole\Coroutine\MySQL\Statement, false returned
2026-01-28T17:01:10+00:00	skipped	0			locked
2026-01-28T17:01:05+00:00	error	5474.27			DbStatement::prepareStatement(): Return value must be of type Swoole\Coroutine\MySQL\Statement, false returned
2026-01-28T17:01:20+00:00	skipped	0			locked
2026-01-28T17:01:15+00:00	error	5557.69			DbStatement::prepareStatement(): Return value must be of type Swoole\Coroutine\MySQL\Statement, false returned
2026-01-28T17:01:30+00:00	skipped	0			locked
2026-01-28T17:01:25+00:00	error	5610.92			DbStatement::prepareStatement(): Return value must be of type Swoole\Coroutine\MySQL\Statement, false returned
